2024-02-20 08:30:27.793 [info] Extension host with pid 3836 started
2024-02-20 08:30:27.793 [info] Skipping acquiring lock for /root/Pictures/SecureCTF/securectf/User/workspaceStorage/289feffe3dd13e3a39407e0814c87139.
2024-02-20 08:30:27.950 [info] ExtensionService#_doActivateExtension vscode.emmet, startup: false, activationEvent: 'onLanguage'
2024-02-20 08:30:28.040 [info] ExtensionService#_doActivateExtension vscode.html-language-features, startup: false, activationEvent: 'onLanguage:html'
2024-02-20 08:30:28.859 [info] ExtensionService#_doActivateExtension vscode.git-base, startup: true, activationEvent: '*', root cause: vscode.git
2024-02-20 08:30:29.106 [info] ExtensionService#_doActivateExtension vscode.git, startup: true, activationEvent: '*'
2024-02-20 08:30:29.281 [info] ExtensionService#_doActivateExtension vscode.github, startup: true, activationEvent: '*'
2024-02-20 08:30:29.854 [info] Eager extensions activated
2024-02-20 08:30:30.466 [info] ExtensionService#_doActivateExtension vscode.debug-auto-launch, startup: false, activationEvent: 'onStartupFinished'
2024-02-20 08:30:30.487 [info] ExtensionService#_doActivateExtension vscode.merge-conflict, startup: false, activationEvent: 'onStartupFinished'
2024-02-20 08:30:30.560 [info] ExtensionService#_doActivateExtension ritwickdey.LiveServer, startup: false, activationEvent: 'onStartupFinished'
2024-02-20 08:30:42.969 [warning] [Decorations] CAPPING events from decorations provider vscode.git 412
2024-02-20 08:30:43.198 [warning] [Decorations] CAPPING events from decorations provider vscode.git 412
2024-02-20 08:30:43.258 [info] ExtensionService#_doActivateExtension vscode.github-authentication, startup: false, activationEvent: 'onAuthenticationRequest:github'
2024-02-20 08:30:45.290 [warning] [Decorations] CAPPING events from decorations provider vscode.git 413
2024-02-20 08:30:50.345 [warning] [Decorations] CAPPING events from decorations provider vscode.git 413
2024-02-20 08:30:55.407 [warning] [Decorations] CAPPING events from decorations provider vscode.git 413
2024-02-20 08:31:02.606 [warning] [Decorations] CAPPING events from decorations provider vscode.git 414
2024-02-20 08:31:07.664 [warning] [Decorations] CAPPING events from decorations provider vscode.git 412
2024-02-20 08:31:12.734 [warning] [Decorations] CAPPING events from decorations provider vscode.git 412
2024-02-20 08:31:17.788 [warning] [Decorations] CAPPING events from decorations provider vscode.git 412
2024-02-20 08:31:18.268 [info] ExtensionService#_doActivateExtension vscode.css-language-features, startup: false, activationEvent: 'onLanguage:css'
2024-02-20 08:31:22.878 [warning] [Decorations] CAPPING events from decorations provider vscode.git 413
2024-02-20 08:31:27.938 [warning] [Decorations] CAPPING events from decorations provider vscode.git 414
2024-02-20 08:31:35.903 [warning] [Decorations] CAPPING events from decorations provider vscode.git 414
2024-02-20 08:31:40.979 [warning] [Decorations] CAPPING events from decorations provider vscode.git 413
2024-02-20 08:31:46.054 [warning] [Decorations] CAPPING events from decorations provider vscode.git 413
2024-02-20 08:31:51.109 [warning] [Decorations] CAPPING events from decorations provider vscode.git 413
2024-02-20 08:31:56.154 [warning] [Decorations] CAPPING events from decorations provider vscode.git 413
2024-02-20 08:32:01.281 [warning] [Decorations] CAPPING events from decorations provider vscode.git 413
2024-02-20 08:32:06.325 [warning] [Decorations] CAPPING events from decorations provider vscode.git 413
2024-02-20 08:32:11.399 [warning] [Decorations] CAPPING events from decorations provider vscode.git 413
2024-02-20 08:32:16.458 [warning] [Decorations] CAPPING events from decorations provider vscode.git 413
2024-02-20 08:32:23.311 [warning] [Decorations] CAPPING events from decorations provider vscode.git 413
2024-02-20 08:32:29.641 [warning] [Decorations] CAPPING events from decorations provider vscode.git 413
2024-02-20 08:32:34.728 [warning] [Decorations] CAPPING events from decorations provider vscode.git 413
2024-02-20 08:32:39.840 [warning] [Decorations] CAPPING events from decorations provider vscode.git 413
2024-02-20 08:32:44.927 [warning] [Decorations] CAPPING events from decorations provider vscode.git 413
2024-02-20 08:32:49.996 [warning] [Decorations] CAPPING events from decorations provider vscode.git 413
2024-02-20 08:32:55.052 [warning] [Decorations] CAPPING events from decorations provider vscode.git 413
2024-02-20 08:33:00.115 [warning] [Decorations] CAPPING events from decorations provider vscode.git 413
2024-02-20 08:33:05.165 [warning] [Decorations] CAPPING events from decorations provider vscode.git 413
2024-02-20 08:33:10.216 [warning] [Decorations] CAPPING events from decorations provider vscode.git 413
2024-02-20 08:33:15.359 [warning] [Decorations] CAPPING events from decorations provider vscode.git 413
2024-02-20 08:33:20.420 [warning] [Decorations] CAPPING events from decorations provider vscode.git 413
2024-02-20 08:33:25.482 [warning] [Decorations] CAPPING events from decorations provider vscode.git 413
2024-02-20 08:33:30.544 [warning] [Decorations] CAPPING events from decorations provider vscode.git 413
2024-02-20 08:33:35.700 [warning] [Decorations] CAPPING events from decorations provider vscode.git 413
2024-02-20 08:33:40.768 [warning] [Decorations] CAPPING events from decorations provider vscode.git 413
2024-02-20 08:33:45.893 [warning] [Decorations] CAPPING events from decorations provider vscode.git 413
2024-02-20 08:33:51.115 [warning] [Decorations] CAPPING events from decorations provider vscode.git 414
2024-02-20 08:33:56.160 [warning] [Decorations] CAPPING events from decorations provider vscode.git 414
2024-02-20 08:34:01.217 [warning] [Decorations] CAPPING events from decorations provider vscode.git 414
2024-02-20 08:34:06.269 [warning] [Decorations] CAPPING events from decorations provider vscode.git 414
2024-02-20 08:34:11.413 [warning] [Decorations] CAPPING events from decorations provider vscode.git 414
2024-02-20 08:34:16.468 [warning] [Decorations] CAPPING events from decorations provider vscode.git 414
2024-02-20 08:34:21.561 [warning] [Decorations] CAPPING events from decorations provider vscode.git 414
2024-02-20 08:34:26.622 [warning] [Decorations] CAPPING events from decorations provider vscode.git 414
2024-02-20 08:34:31.679 [warning] [Decorations] CAPPING events from decorations provider vscode.git 414
2024-02-20 08:34:36.734 [warning] [Decorations] CAPPING events from decorations provider vscode.git 414
2024-02-20 08:34:41.789 [warning] [Decorations] CAPPING events from decorations provider vscode.git 414
2024-02-20 08:38:12.508 [warning] [Decorations] CAPPING events from decorations provider vscode.git 417
2024-02-20 08:38:17.573 [warning] [Decorations] CAPPING events from decorations provider vscode.git 416
2024-02-20 08:38:22.633 [warning] [Decorations] CAPPING events from decorations provider vscode.git 416
2024-02-20 08:38:27.678 [warning] [Decorations] CAPPING events from decorations provider vscode.git 417
2024-02-20 08:38:32.735 [warning] [Decorations] CAPPING events from decorations provider vscode.git 417
2024-02-20 08:38:37.785 [warning] [Decorations] CAPPING events from decorations provider vscode.git 417
2024-02-20 08:38:42.837 [warning] [Decorations] CAPPING events from decorations provider vscode.git 417
2024-02-20 08:38:47.886 [warning] [Decorations] CAPPING events from decorations provider vscode.git 417
2024-02-20 08:38:52.939 [warning] [Decorations] CAPPING events from decorations provider vscode.git 417
2024-02-20 08:38:57.982 [warning] [Decorations] CAPPING events from decorations provider vscode.git 417
2024-02-20 08:39:03.037 [warning] [Decorations] CAPPING events from decorations provider vscode.git 417
2024-02-20 08:39:08.096 [warning] [Decorations] CAPPING events from decorations provider vscode.git 417
2024-02-20 08:39:13.155 [warning] [Decorations] CAPPING events from decorations provider vscode.git 417
2024-02-20 08:39:18.205 [warning] [Decorations] CAPPING events from decorations provider vscode.git 417
2024-02-20 08:39:23.255 [warning] [Decorations] CAPPING events from decorations provider vscode.git 417
2024-02-20 08:39:28.315 [warning] [Decorations] CAPPING events from decorations provider vscode.git 417
2024-02-20 08:39:33.409 [warning] [Decorations] CAPPING events from decorations provider vscode.git 418
2024-02-20 08:39:38.463 [warning] [Decorations] CAPPING events from decorations provider vscode.git 418
2024-02-20 08:39:43.564 [warning] [Decorations] CAPPING events from decorations provider vscode.git 418
2024-02-20 08:39:48.613 [warning] [Decorations] CAPPING events from decorations provider vscode.git 418
2024-02-20 08:40:44.039 [warning] [Decorations] CAPPING events from decorations provider vscode.git 421
2024-02-20 08:40:49.098 [warning] [Decorations] CAPPING events from decorations provider vscode.git 419
2024-02-20 08:40:54.148 [warning] [Decorations] CAPPING events from decorations provider vscode.git 419
2024-02-20 08:41:53.540 [warning] [Decorations] CAPPING events from decorations provider vscode.git 419
2024-02-20 08:41:58.590 [warning] [Decorations] CAPPING events from decorations provider vscode.git 419
2024-02-20 08:42:03.639 [warning] [Decorations] CAPPING events from decorations provider vscode.git 419
2024-02-20 08:42:08.689 [warning] [Decorations] CAPPING events from decorations provider vscode.git 419
2024-02-20 08:42:13.734 [warning] [Decorations] CAPPING events from decorations provider vscode.git 419
2024-02-20 08:42:18.807 [warning] [Decorations] CAPPING events from decorations provider vscode.git 420
2024-02-20 08:42:23.849 [warning] [Decorations] CAPPING events from decorations provider vscode.git 420
2024-02-20 08:42:28.901 [warning] [Decorations] CAPPING events from decorations provider vscode.git 420
2024-02-20 08:42:33.967 [warning] [Decorations] CAPPING events from decorations provider vscode.git 420
2024-02-20 08:42:39.064 [warning] [Decorations] CAPPING events from decorations provider vscode.git 420
2024-02-20 08:43:28.156 [warning] [Decorations] CAPPING events from decorations provider vscode.git 422
2024-02-20 08:43:33.212 [warning] [Decorations] CAPPING events from decorations provider vscode.git 422
2024-02-20 08:46:38.455 [warning] [Decorations] CAPPING events from decorations provider vscode.git 422
2024-02-20 08:46:43.502 [warning] [Decorations] CAPPING events from decorations provider vscode.git 422
2024-02-20 08:46:48.550 [warning] [Decorations] CAPPING events from decorations provider vscode.git 422
2024-02-20 08:46:53.594 [warning] [Decorations] CAPPING events from decorations provider vscode.git 422
2024-02-20 08:46:58.650 [warning] [Decorations] CAPPING events from decorations provider vscode.git 422
2024-02-20 08:47:03.704 [warning] [Decorations] CAPPING events from decorations provider vscode.git 422
2024-02-20 08:47:08.755 [warning] [Decorations] CAPPING events from decorations provider vscode.git 422
2024-02-20 08:47:13.803 [warning] [Decorations] CAPPING events from decorations provider vscode.git 422
2024-02-20 08:47:18.850 [warning] [Decorations] CAPPING events from decorations provider vscode.git 422
2024-02-20 08:47:23.905 [warning] [Decorations] CAPPING events from decorations provider vscode.git 422
2024-02-20 08:47:28.958 [warning] [Decorations] CAPPING events from decorations provider vscode.git 422
2024-02-20 08:47:34.006 [warning] [Decorations] CAPPING events from decorations provider vscode.git 422
2024-02-20 08:47:39.052 [warning] [Decorations] CAPPING events from decorations provider vscode.git 422
2024-02-20 08:47:44.111 [warning] [Decorations] CAPPING events from decorations provider vscode.git 422
2024-02-20 08:47:49.171 [warning] [Decorations] CAPPING events from decorations provider vscode.git 422
2024-02-20 08:47:54.222 [warning] [Decorations] CAPPING events from decorations provider vscode.git 422
2024-02-20 08:47:59.276 [warning] [Decorations] CAPPING events from decorations provider vscode.git 422
2024-02-20 08:48:04.327 [warning] [Decorations] CAPPING events from decorations provider vscode.git 422
2024-02-20 08:48:09.376 [warning] [Decorations] CAPPING events from decorations provider vscode.git 422
2024-02-20 08:48:14.424 [warning] [Decorations] CAPPING events from decorations provider vscode.git 422
2024-02-20 08:48:19.475 [warning] [Decorations] CAPPING events from decorations provider vscode.git 422
2024-02-20 08:48:24.518 [warning] [Decorations] CAPPING events from decorations provider vscode.git 422
2024-02-20 08:48:29.567 [warning] [Decorations] CAPPING events from decorations provider vscode.git 422
2024-02-20 08:48:34.618 [warning] [Decorations] CAPPING events from decorations provider vscode.git 422
2024-02-20 08:48:39.667 [warning] [Decorations] CAPPING events from decorations provider vscode.git 422
2024-02-20 08:48:44.713 [warning] [Decorations] CAPPING events from decorations provider vscode.git 422
2024-02-20 08:48:49.761 [warning] [Decorations] CAPPING events from decorations provider vscode.git 422
2024-02-20 08:48:54.806 [warning] [Decorations] CAPPING events from decorations provider vscode.git 422
2024-02-20 08:48:59.870 [warning] [Decorations] CAPPING events from decorations provider vscode.git 422
2024-02-20 08:49:04.922 [warning] [Decorations] CAPPING events from decorations provider vscode.git 422
2024-02-20 08:49:09.974 [warning] [Decorations] CAPPING events from decorations provider vscode.git 422
2024-02-20 08:49:15.044 [warning] [Decorations] CAPPING events from decorations provider vscode.git 422
2024-02-20 08:49:20.113 [warning] [Decorations] CAPPING events from decorations provider vscode.git 422
2024-02-20 08:49:25.175 [warning] [Decorations] CAPPING events from decorations provider vscode.git 422
2024-02-20 08:49:30.252 [warning] [Decorations] CAPPING events from decorations provider vscode.git 422
2024-02-20 08:49:35.310 [warning] [Decorations] CAPPING events from decorations provider vscode.git 422
2024-02-20 08:49:40.389 [warning] [Decorations] CAPPING events from decorations provider vscode.git 422
2024-02-20 08:49:45.471 [warning] [Decorations] CAPPING events from decorations provider vscode.git 422
2024-02-20 08:49:50.539 [warning] [Decorations] CAPPING events from decorations provider vscode.git 422
2024-02-20 08:49:55.650 [warning] [Decorations] CAPPING events from decorations provider vscode.git 422
2024-02-20 08:50:00.728 [warning] [Decorations] CAPPING events from decorations provider vscode.git 422
2024-02-20 08:50:05.805 [warning] [Decorations] CAPPING events from decorations provider vscode.git 422
2024-02-20 08:50:10.926 [warning] [Decorations] CAPPING events from decorations provider vscode.git 422
2024-02-20 08:50:15.996 [warning] [Decorations] CAPPING events from decorations provider vscode.git 422
2024-02-20 08:50:21.070 [warning] [Decorations] CAPPING events from decorations provider vscode.git 422
2024-02-20 08:50:26.130 [warning] [Decorations] CAPPING events from decorations provider vscode.git 422
2024-02-20 08:50:31.175 [warning] [Decorations] CAPPING events from decorations provider vscode.git 422
2024-02-20 08:50:36.227 [warning] [Decorations] CAPPING events from decorations provider vscode.git 422
2024-02-20 08:50:41.267 [warning] [Decorations] CAPPING events from decorations provider vscode.git 422
2024-02-20 08:50:46.311 [warning] [Decorations] CAPPING events from decorations provider vscode.git 422
2024-02-20 08:50:51.493 [warning] [Decorations] CAPPING events from decorations provider vscode.git 422
2024-02-20 08:50:56.541 [warning] [Decorations] CAPPING events from decorations provider vscode.git 422
2024-02-20 08:51:01.602 [warning] [Decorations] CAPPING events from decorations provider vscode.git 422
2024-02-20 08:51:06.454 [info] ExtensionService#_doActivateExtension vscode.simple-browser, startup: false, activationEvent: 'onOpenExternalUri:https'
2024-02-20 08:51:06.738 [warning] [Decorations] CAPPING events from decorations provider vscode.git 423
2024-02-20 08:51:11.941 [warning] [Decorations] CAPPING events from decorations provider vscode.git 423
2024-02-20 08:51:16.998 [warning] [Decorations] CAPPING events from decorations provider vscode.git 423
2024-02-20 08:51:22.045 [warning] [Decorations] CAPPING events from decorations provider vscode.git 423
2024-02-20 08:51:27.091 [warning] [Decorations] CAPPING events from decorations provider vscode.git 423
2024-02-20 08:51:32.137 [warning] [Decorations] CAPPING events from decorations provider vscode.git 423
2024-02-20 08:51:37.187 [warning] [Decorations] CAPPING events from decorations provider vscode.git 423
2024-02-20 08:51:42.242 [warning] [Decorations] CAPPING events from decorations provider vscode.git 423
2024-02-20 08:51:47.300 [warning] [Decorations] CAPPING events from decorations provider vscode.git 423
2024-02-20 08:51:52.352 [warning] [Decorations] CAPPING events from decorations provider vscode.git 423
2024-02-20 08:51:57.405 [warning] [Decorations] CAPPING events from decorations provider vscode.git 423
2024-02-20 08:52:02.462 [warning] [Decorations] CAPPING events from decorations provider vscode.git 423
2024-02-20 08:52:07.508 [warning] [Decorations] CAPPING events from decorations provider vscode.git 423
2024-02-20 08:52:12.555 [warning] [Decorations] CAPPING events from decorations provider vscode.git 423
2024-02-20 08:52:17.605 [warning] [Decorations] CAPPING events from decorations provider vscode.git 423
2024-02-20 08:52:22.662 [warning] [Decorations] CAPPING events from decorations provider vscode.git 423
2024-02-20 08:52:27.709 [warning] [Decorations] CAPPING events from decorations provider vscode.git 423
2024-02-20 08:52:32.763 [warning] [Decorations] CAPPING events from decorations provider vscode.git 423
2024-02-20 08:52:37.817 [warning] [Decorations] CAPPING events from decorations provider vscode.git 423
2024-02-20 08:52:42.870 [warning] [Decorations] CAPPING events from decorations provider vscode.git 424
2024-02-20 08:52:47.935 [warning] [Decorations] CAPPING events from decorations provider vscode.git 423
2024-02-20 08:53:06.627 [warning] [Decorations] CAPPING events from decorations provider vscode.git 423
2024-02-20 08:53:11.697 [warning] [Decorations] CAPPING events from decorations provider vscode.git 423
2024-02-20 08:53:16.755 [warning] [Decorations] CAPPING events from decorations provider vscode.git 423
2024-02-20 08:53:21.804 [warning] [Decorations] CAPPING events from decorations provider vscode.git 423
2024-02-20 08:53:26.888 [warning] [Decorations] CAPPING events from decorations provider vscode.git 423
2024-02-20 08:53:31.969 [warning] [Decorations] CAPPING events from decorations provider vscode.git 424
2024-02-20 08:53:37.103 [warning] [Decorations] CAPPING events from decorations provider vscode.git 424
2024-02-20 08:53:42.191 [warning] [Decorations] CAPPING events from decorations provider vscode.git 424
2024-02-20 08:53:47.277 [warning] [Decorations] CAPPING events from decorations provider vscode.git 424
2024-02-20 08:53:52.477 [warning] [Decorations] CAPPING events from decorations provider vscode.git 424
2024-02-20 08:53:57.550 [warning] [Decorations] CAPPING events from decorations provider vscode.git 424
2024-02-20 08:54:02.628 [warning] [Decorations] CAPPING events from decorations provider vscode.git 424
2024-02-20 08:54:07.745 [warning] [Decorations] CAPPING events from decorations provider vscode.git 424
2024-02-20 08:54:12.821 [warning] [Decorations] CAPPING events from decorations provider vscode.git 424
2024-02-20 08:54:17.911 [warning] [Decorations] CAPPING events from decorations provider vscode.git 424
2024-02-20 08:54:22.997 [warning] [Decorations] CAPPING events from decorations provider vscode.git 424
2024-02-20 08:54:28.086 [warning] [Decorations] CAPPING events from decorations provider vscode.git 424
2024-02-20 08:54:33.199 [warning] [Decorations] CAPPING events from decorations provider vscode.git 424
2024-02-20 08:54:38.274 [warning] [Decorations] CAPPING events from decorations provider vscode.git 424
2024-02-20 08:54:43.332 [warning] [Decorations] CAPPING events from decorations provider vscode.git 424
2024-02-20 08:54:48.448 [warning] [Decorations] CAPPING events from decorations provider vscode.git 424
2024-02-20 08:54:53.511 [warning] [Decorations] CAPPING events from decorations provider vscode.git 424
2024-02-20 08:54:58.605 [warning] [Decorations] CAPPING events from decorations provider vscode.git 424
2024-02-20 08:55:03.693 [warning] [Decorations] CAPPING events from decorations provider vscode.git 424
2024-02-20 08:55:08.776 [warning] [Decorations] CAPPING events from decorations provider vscode.git 424
2024-02-20 08:55:13.877 [warning] [Decorations] CAPPING events from decorations provider vscode.git 424
2024-02-20 08:55:18.970 [warning] [Decorations] CAPPING events from decorations provider vscode.git 424
2024-02-20 08:55:24.050 [warning] [Decorations] CAPPING events from decorations provider vscode.git 424
2024-02-20 08:55:29.125 [warning] [Decorations] CAPPING events from decorations provider vscode.git 424
2024-02-20 08:55:34.204 [warning] [Decorations] CAPPING events from decorations provider vscode.git 424
2024-02-20 08:55:39.294 [warning] [Decorations] CAPPING events from decorations provider vscode.git 424
2024-02-20 08:55:44.376 [warning] [Decorations] CAPPING events from decorations provider vscode.git 424
2024-02-20 08:55:49.460 [warning] [Decorations] CAPPING events from decorations provider vscode.git 424
2024-02-20 08:55:54.569 [warning] [Decorations] CAPPING events from decorations provider vscode.git 424
2024-02-20 08:55:59.644 [warning] [Decorations] CAPPING events from decorations provider vscode.git 424
2024-02-20 08:56:04.746 [warning] [Decorations] CAPPING events from decorations provider vscode.git 424
2024-02-20 08:56:09.825 [warning] [Decorations] CAPPING events from decorations provider vscode.git 424
2024-02-20 08:56:14.899 [warning] [Decorations] CAPPING events from decorations provider vscode.git 424
2024-02-20 08:56:19.993 [warning] [Decorations] CAPPING events from decorations provider vscode.git 424
2024-02-20 08:56:25.097 [warning] [Decorations] CAPPING events from decorations provider vscode.git 424
2024-02-20 08:56:30.193 [warning] [Decorations] CAPPING events from decorations provider vscode.git 424
2024-02-20 08:56:35.275 [warning] [Decorations] CAPPING events from decorations provider vscode.git 424
2024-02-20 08:56:40.368 [warning] [Decorations] CAPPING events from decorations provider vscode.git 424
2024-02-20 08:56:45.469 [warning] [Decorations] CAPPING events from decorations provider vscode.git 424
2024-02-20 08:56:50.553 [warning] [Decorations] CAPPING events from decorations provider vscode.git 424
2024-02-20 08:56:55.610 [warning] [Decorations] CAPPING events from decorations provider vscode.git 424
2024-02-20 08:57:00.689 [warning] [Decorations] CAPPING events from decorations provider vscode.git 425
2024-02-20 08:57:05.761 [warning] [Decorations] CAPPING events from decorations provider vscode.git 425
2024-02-20 08:57:10.849 [warning] [Decorations] CAPPING events from decorations provider vscode.git 425
2024-02-20 08:57:15.944 [warning] [Decorations] CAPPING events from decorations provider vscode.git 425
2024-02-20 08:57:21.023 [warning] [Decorations] CAPPING events from decorations provider vscode.git 426
2024-02-20 08:57:26.213 [warning] [Decorations] CAPPING events from decorations provider vscode.git 425
2024-02-20 08:57:31.299 [warning] [Decorations] CAPPING events from decorations provider vscode.git 425
2024-02-20 08:57:36.367 [warning] [Decorations] CAPPING events from decorations provider vscode.git 425
2024-02-20 08:57:41.461 [warning] [Decorations] CAPPING events from decorations provider vscode.git 425
2024-02-20 08:57:46.552 [warning] [Decorations] CAPPING events from decorations provider vscode.git 425
2024-02-20 08:57:51.642 [warning] [Decorations] CAPPING events from decorations provider vscode.git 425
2024-02-20 08:57:56.705 [warning] [Decorations] CAPPING events from decorations provider vscode.git 425
2024-02-20 08:58:01.790 [warning] [Decorations] CAPPING events from decorations provider vscode.git 425
2024-02-20 08:58:06.854 [warning] [Decorations] CAPPING events from decorations provider vscode.git 425
2024-02-20 08:58:11.949 [warning] [Decorations] CAPPING events from decorations provider vscode.git 425
2024-02-20 08:58:17.012 [warning] [Decorations] CAPPING events from decorations provider vscode.git 425
2024-02-20 08:58:22.165 [warning] [Decorations] CAPPING events from decorations provider vscode.git 426
2024-02-20 08:58:36.459 [warning] [Decorations] CAPPING events from decorations provider vscode.git 425
2024-02-20 08:58:41.520 [warning] [Decorations] CAPPING events from decorations provider vscode.git 425
2024-02-20 08:58:46.612 [warning] [Decorations] CAPPING events from decorations provider vscode.git 426
2024-02-20 08:58:51.721 [warning] [Decorations] CAPPING events from decorations provider vscode.git 426
2024-02-20 08:59:03.695 [warning] [Decorations] CAPPING events from decorations provider vscode.git 427
2024-02-20 08:59:08.783 [warning] [Decorations] CAPPING events from decorations provider vscode.git 426
2024-02-20 08:59:13.881 [warning] [Decorations] CAPPING events from decorations provider vscode.git 426
2024-02-20 08:59:18.964 [warning] [Decorations] CAPPING events from decorations provider vscode.git 426
2024-02-20 08:59:24.060 [warning] [Decorations] CAPPING events from decorations provider vscode.git 427
2024-02-20 08:59:29.168 [warning] [Decorations] CAPPING events from decorations provider vscode.git 427
2024-02-20 08:59:34.246 [warning] [Decorations] CAPPING events from decorations provider vscode.git 427
2024-02-20 08:59:39.325 [warning] [Decorations] CAPPING events from decorations provider vscode.git 427
2024-02-20 08:59:44.392 [warning] [Decorations] CAPPING events from decorations provider vscode.git 427
2024-02-20 08:59:49.482 [warning] [Decorations] CAPPING events from decorations provider vscode.git 428
2024-02-20 08:59:54.615 [warning] [Decorations] CAPPING events from decorations provider vscode.git 428
2024-02-20 08:59:59.701 [warning] [Decorations] CAPPING events from decorations provider vscode.git 429
2024-02-20 09:00:04.792 [warning] [Decorations] CAPPING events from decorations provider vscode.git 428
2024-02-20 09:00:09.866 [warning] [Decorations] CAPPING events from decorations provider vscode.git 428
2024-02-20 09:00:14.978 [warning] [Decorations] CAPPING events from decorations provider vscode.git 428
2024-02-20 09:00:20.104 [warning] [Decorations] CAPPING events from decorations provider vscode.git 428
2024-02-20 09:00:25.158 [warning] [Decorations] CAPPING events from decorations provider vscode.git 428
2024-02-20 09:00:30.286 [warning] [Decorations] CAPPING events from decorations provider vscode.git 428
2024-02-20 09:00:35.345 [warning] [Decorations] CAPPING events from decorations provider vscode.git 428
2024-02-20 09:00:40.402 [warning] [Decorations] CAPPING events from decorations provider vscode.git 428
2024-02-20 09:00:45.459 [warning] [Decorations] CAPPING events from decorations provider vscode.git 428
2024-02-20 09:00:50.536 [warning] [Decorations] CAPPING events from decorations provider vscode.git 428
2024-02-20 09:00:55.591 [warning] [Decorations] CAPPING events from decorations provider vscode.git 428
2024-02-20 09:01:00.643 [warning] [Decorations] CAPPING events from decorations provider vscode.git 428
2024-02-20 09:01:05.687 [warning] [Decorations] CAPPING events from decorations provider vscode.git 429
2024-02-20 09:01:10.737 [warning] [Decorations] CAPPING events from decorations provider vscode.git 430
2024-02-20 09:01:15.786 [warning] [Decorations] CAPPING events from decorations provider vscode.git 429
2024-02-20 09:01:20.988 [warning] [Decorations] CAPPING events from decorations provider vscode.git 429
2024-02-20 09:01:26.087 [warning] [Decorations] CAPPING events from decorations provider vscode.git 429
2024-02-20 09:01:31.166 [warning] [Decorations] CAPPING events from decorations provider vscode.git 429
2024-02-20 09:01:36.220 [warning] [Decorations] CAPPING events from decorations provider vscode.git 429
2024-02-20 09:01:41.267 [warning] [Decorations] CAPPING events from decorations provider vscode.git 430
2024-02-20 09:01:46.328 [warning] [Decorations] CAPPING events from decorations provider vscode.git 430
2024-02-20 09:01:51.383 [warning] [Decorations] CAPPING events from decorations provider vscode.git 430
2024-02-20 09:01:56.429 [warning] [Decorations] CAPPING events from decorations provider vscode.git 430
2024-02-20 09:02:01.508 [warning] [Decorations] CAPPING events from decorations provider vscode.git 430
2024-02-20 09:02:06.560 [warning] [Decorations] CAPPING events from decorations provider vscode.git 430
2024-02-20 09:02:11.611 [warning] [Decorations] CAPPING events from decorations provider vscode.git 430
2024-02-20 09:02:16.663 [warning] [Decorations] CAPPING events from decorations provider vscode.git 430
2024-02-20 09:02:21.715 [warning] [Decorations] CAPPING events from decorations provider vscode.git 430
2024-02-20 09:02:26.770 [warning] [Decorations] CAPPING events from decorations provider vscode.git 430
2024-02-20 09:02:31.816 [warning] [Decorations] CAPPING events from decorations provider vscode.git 430
2024-02-20 09:02:36.864 [warning] [Decorations] CAPPING events from decorations provider vscode.git 430
2024-02-20 09:02:41.918 [warning] [Decorations] CAPPING events from decorations provider vscode.git 430
2024-02-20 09:02:46.965 [warning] [Decorations] CAPPING events from decorations provider vscode.git 430
2024-02-20 09:02:52.018 [warning] [Decorations] CAPPING events from decorations provider vscode.git 430
2024-02-20 09:02:57.073 [warning] [Decorations] CAPPING events from decorations provider vscode.git 430
2024-02-20 09:03:02.115 [warning] [Decorations] CAPPING events from decorations provider vscode.git 430
2024-02-20 09:03:07.159 [warning] [Decorations] CAPPING events from decorations provider vscode.git 430
2024-02-20 09:03:12.205 [warning] [Decorations] CAPPING events from decorations provider vscode.git 430
2024-02-20 09:03:17.251 [warning] [Decorations] CAPPING events from decorations provider vscode.git 430
2024-02-20 09:03:22.304 [warning] [Decorations] CAPPING events from decorations provider vscode.git 430
2024-02-20 09:03:27.355 [warning] [Decorations] CAPPING events from decorations provider vscode.git 430
2024-02-20 09:03:32.412 [warning] [Decorations] CAPPING events from decorations provider vscode.git 430
2024-02-20 09:03:37.462 [warning] [Decorations] CAPPING events from decorations provider vscode.git 430
2024-02-20 09:03:42.509 [warning] [Decorations] CAPPING events from decorations provider vscode.git 431
2024-02-20 09:03:47.550 [warning] [Decorations] CAPPING events from decorations provider vscode.git 431
2024-02-20 09:03:52.606 [warning] [Decorations] CAPPING events from decorations provider vscode.git 431
2024-02-20 09:03:57.663 [warning] [Decorations] CAPPING events from decorations provider vscode.git 431
2024-02-20 09:04:02.713 [warning] [Decorations] CAPPING events from decorations provider vscode.git 432
2024-02-20 09:04:07.855 [warning] [Decorations] CAPPING events from decorations provider vscode.git 431
2024-02-20 09:04:12.907 [warning] [Decorations] CAPPING events from decorations provider vscode.git 431
2024-02-20 09:04:17.965 [warning] [Decorations] CAPPING events from decorations provider vscode.git 431
2024-02-20 09:04:23.012 [warning] [Decorations] CAPPING events from decorations provider vscode.git 431
2024-02-20 09:04:28.061 [warning] [Decorations] CAPPING events from decorations provider vscode.git 431
2024-02-20 09:04:33.118 [warning] [Decorations] CAPPING events from decorations provider vscode.git 431
2024-02-20 09:04:38.171 [warning] [Decorations] CAPPING events from decorations provider vscode.git 432
2024-02-20 09:04:43.220 [warning] [Decorations] CAPPING events from decorations provider vscode.git 431
2024-02-20 09:04:48.292 [warning] [Decorations] CAPPING events from decorations provider vscode.git 431
2024-02-20 09:04:53.340 [warning] [Decorations] CAPPING events from decorations provider vscode.git 432
2024-02-20 09:04:58.402 [warning] [Decorations] CAPPING events from decorations provider vscode.git 433
2024-02-20 09:05:03.455 [warning] [Decorations] CAPPING events from decorations provider vscode.git 432
2024-02-20 09:05:43.145 [warning] [Decorations] CAPPING events from decorations provider vscode.git 433
2024-02-20 09:06:02.331 [warning] [Decorations] CAPPING events from decorations provider vscode.git 434
2024-02-20 09:06:07.452 [warning] [Decorations] CAPPING events from decorations provider vscode.git 434
2024-02-20 09:06:12.509 [warning] [Decorations] CAPPING events from decorations provider vscode.git 434
2024-02-20 09:06:17.559 [warning] [Decorations] CAPPING events from decorations provider vscode.git 435
2024-02-20 09:06:22.602 [warning] [Decorations] CAPPING events from decorations provider vscode.git 435
2024-02-20 09:06:27.648 [warning] [Decorations] CAPPING events from decorations provider vscode.git 436
2024-02-20 09:06:35.308 [warning] [Decorations] CAPPING events from decorations provider vscode.git 437
2024-02-20 09:07:27.148 [warning] [Decorations] CAPPING events from decorations provider vscode.git 437
2024-02-20 09:07:39.833 [warning] [Decorations] CAPPING events from decorations provider vscode.git 437
2024-02-20 09:07:52.195 [warning] [Decorations] CAPPING events from decorations provider vscode.git 437
2024-02-20 09:07:57.264 [warning] [Decorations] CAPPING events from decorations provider vscode.git 437
2024-02-20 09:08:02.328 [warning] [Decorations] CAPPING events from decorations provider vscode.git 437
2024-02-20 09:08:07.375 [warning] [Decorations] CAPPING events from decorations provider vscode.git 438
2024-02-20 09:08:12.468 [warning] [Decorations] CAPPING events from decorations provider vscode.git 439
2024-02-20 09:08:17.520 [warning] [Decorations] CAPPING events from decorations provider vscode.git 438
2024-02-20 09:08:22.573 [warning] [Decorations] CAPPING events from decorations provider vscode.git 438
2024-02-20 09:08:42.419 [warning] [Decorations] CAPPING events from decorations provider vscode.git 439
2024-02-20 09:08:47.618 [warning] [Decorations] CAPPING events from decorations provider vscode.git 440
2024-02-20 09:16:10.367 [warning] [Decorations] CAPPING events from decorations provider vscode.git 440
2024-02-20 09:16:15.412 [warning] [Decorations] CAPPING events from decorations provider vscode.git 440
2024-02-20 09:16:20.483 [warning] [Decorations] CAPPING events from decorations provider vscode.git 440
2024-02-20 09:16:25.576 [warning] [Decorations] CAPPING events from decorations provider vscode.git 440
2024-02-20 09:16:30.647 [warning] [Decorations] CAPPING events from decorations provider vscode.git 440
2024-02-20 09:16:35.710 [warning] [Decorations] CAPPING events from decorations provider vscode.git 440
2024-02-20 09:16:40.756 [warning] [Decorations] CAPPING events from decorations provider vscode.git 441
2024-02-20 09:16:45.799 [warning] [Decorations] CAPPING events from decorations provider vscode.git 441
2024-02-20 09:16:50.842 [warning] [Decorations] CAPPING events from decorations provider vscode.git 441
2024-02-20 09:16:55.902 [warning] [Decorations] CAPPING events from decorations provider vscode.git 441
2024-02-20 09:17:00.961 [warning] [Decorations] CAPPING events from decorations provider vscode.git 441
2024-02-20 09:17:06.021 [warning] [Decorations] CAPPING events from decorations provider vscode.git 441
2024-02-20 09:17:11.070 [warning] [Decorations] CAPPING events from decorations provider vscode.git 441
2024-02-20 09:17:16.111 [warning] [Decorations] CAPPING events from decorations provider vscode.git 443
2024-02-20 09:17:21.154 [warning] [Decorations] CAPPING events from decorations provider vscode.git 442
2024-02-20 09:17:26.206 [warning] [Decorations] CAPPING events from decorations provider vscode.git 442
2024-02-20 09:17:31.286 [warning] [Decorations] CAPPING events from decorations provider vscode.git 443
2024-02-20 09:17:36.348 [warning] [Decorations] CAPPING events from decorations provider vscode.git 443
2024-02-20 09:17:41.408 [warning] [Decorations] CAPPING events from decorations provider vscode.git 444
2024-02-20 09:17:46.470 [warning] [Decorations] CAPPING events from decorations provider vscode.git 443
2024-02-20 09:17:51.520 [warning] [Decorations] CAPPING events from decorations provider vscode.git 443
2024-02-20 09:17:56.581 [warning] [Decorations] CAPPING events from decorations provider vscode.git 443
2024-02-20 09:18:01.621 [warning] [Decorations] CAPPING events from decorations provider vscode.git 443
2024-02-20 09:18:06.672 [warning] [Decorations] CAPPING events from decorations provider vscode.git 443
2024-02-20 09:18:11.728 [warning] [Decorations] CAPPING events from decorations provider vscode.git 443
2024-02-20 09:18:16.775 [warning] [Decorations] CAPPING events from decorations provider vscode.git 443
2024-02-20 09:18:21.822 [warning] [Decorations] CAPPING events from decorations provider vscode.git 443
2024-02-20 09:18:26.873 [warning] [Decorations] CAPPING events from decorations provider vscode.git 443
2024-02-20 09:18:31.922 [warning] [Decorations] CAPPING events from decorations provider vscode.git 444
2024-02-20 09:18:36.988 [warning] [Decorations] CAPPING events from decorations provider vscode.git 444
2024-02-20 09:18:42.039 [warning] [Decorations] CAPPING events from decorations provider vscode.git 444
2024-02-20 09:18:47.091 [warning] [Decorations] CAPPING events from decorations provider vscode.git 444
2024-02-20 09:18:52.141 [warning] [Decorations] CAPPING events from decorations provider vscode.git 444
2024-02-20 09:18:57.186 [warning] [Decorations] CAPPING events from decorations provider vscode.git 444
2024-02-20 09:19:02.235 [warning] [Decorations] CAPPING events from decorations provider vscode.git 444
2024-02-20 09:19:07.288 [warning] [Decorations] CAPPING events from decorations provider vscode.git 444
2024-02-20 09:19:12.352 [warning] [Decorations] CAPPING events from decorations provider vscode.git 444
2024-02-20 09:19:17.412 [warning] [Decorations] CAPPING events from decorations provider vscode.git 444
2024-02-20 09:19:22.474 [warning] [Decorations] CAPPING events from decorations provider vscode.git 444
2024-02-20 09:19:27.523 [warning] [Decorations] CAPPING events from decorations provider vscode.git 444
2024-02-20 09:19:32.570 [warning] [Decorations] CAPPING events from decorations provider vscode.git 444
2024-02-20 09:19:37.624 [warning] [Decorations] CAPPING events from decorations provider vscode.git 444
2024-02-20 09:19:42.695 [warning] [Decorations] CAPPING events from decorations provider vscode.git 445
2024-02-20 09:19:47.789 [warning] [Decorations] CAPPING events from decorations provider vscode.git 444
2024-02-20 09:19:52.900 [warning] [Decorations] CAPPING events from decorations provider vscode.git 444
2024-02-20 09:21:09.935 [warning] [Decorations] CAPPING events from decorations provider vscode.git 445
2024-02-20 09:21:14.982 [warning] [Decorations] CAPPING events from decorations provider vscode.git 445
2024-02-20 09:21:20.037 [warning] [Decorations] CAPPING events from decorations provider vscode.git 445
2024-02-20 09:21:25.082 [warning] [Decorations] CAPPING events from decorations provider vscode.git 445
2024-02-20 09:21:30.131 [warning] [Decorations] CAPPING events from decorations provider vscode.git 445
2024-02-20 09:21:35.195 [warning] [Decorations] CAPPING events from decorations provider vscode.git 445
2024-02-20 09:21:40.240 [warning] [Decorations] CAPPING events from decorations provider vscode.git 446
2024-02-20 09:21:45.288 [warning] [Decorations] CAPPING events from decorations provider vscode.git 446
2024-02-20 09:21:50.339 [warning] [Decorations] CAPPING events from decorations provider vscode.git 446
2024-02-20 09:21:55.388 [warning] [Decorations] CAPPING events from decorations provider vscode.git 446
2024-02-20 09:22:00.451 [warning] [Decorations] CAPPING events from decorations provider vscode.git 447
2024-02-20 09:22:06.477 [warning] [Decorations] CAPPING events from decorations provider vscode.git 446
2024-02-20 09:22:44.440 [warning] [Decorations] CAPPING events from decorations provider vscode.git 447
2024-02-20 09:22:49.490 [warning] [Decorations] CAPPING events from decorations provider vscode.git 447
2024-02-20 09:22:54.546 [warning] [Decorations] CAPPING events from decorations provider vscode.git 447
2024-02-20 09:22:59.597 [warning] [Decorations] CAPPING events from decorations provider vscode.git 448
2024-02-20 09:23:04.645 [warning] [Decorations] CAPPING events from decorations provider vscode.git 448
2024-02-20 09:23:09.718 [warning] [Decorations] CAPPING events from decorations provider vscode.git 448
2024-02-20 09:23:14.769 [warning] [Decorations] CAPPING events from decorations provider vscode.git 449
2024-02-20 09:23:19.837 [warning] [Decorations] CAPPING events from decorations provider vscode.git 449
2024-02-20 09:23:24.932 [warning] [Decorations] CAPPING events from decorations provider vscode.git 449
2024-02-20 09:23:29.990 [warning] [Decorations] CAPPING events from decorations provider vscode.git 449
2024-02-20 09:23:35.052 [warning] [Decorations] CAPPING events from decorations provider vscode.git 449
2024-02-20 09:23:40.102 [warning] [Decorations] CAPPING events from decorations provider vscode.git 449
2024-02-20 09:23:46.236 [warning] [Decorations] CAPPING events from decorations provider vscode.git 450
2024-02-20 09:24:11.165 [warning] [Decorations] CAPPING events from decorations provider vscode.git 450
2024-02-20 09:24:16.221 [warning] [Decorations] CAPPING events from decorations provider vscode.git 449
2024-02-20 09:24:21.278 [warning] [Decorations] CAPPING events from decorations provider vscode.git 450
2024-02-20 09:24:26.325 [warning] [Decorations] CAPPING events from decorations provider vscode.git 450
2024-02-20 09:24:31.376 [warning] [Decorations] CAPPING events from decorations provider vscode.git 450
2024-02-20 09:24:36.429 [warning] [Decorations] CAPPING events from decorations provider vscode.git 451
2024-02-20 09:24:41.474 [warning] [Decorations] CAPPING events from decorations provider vscode.git 451
2024-02-20 09:24:46.523 [warning] [Decorations] CAPPING events from decorations provider vscode.git 451
2024-02-20 09:24:51.584 [warning] [Decorations] CAPPING events from decorations provider vscode.git 451
2024-02-20 09:24:56.740 [warning] [Decorations] CAPPING events from decorations provider vscode.git 451
2024-02-20 09:25:01.792 [warning] [Decorations] CAPPING events from decorations provider vscode.git 451
2024-02-20 09:25:06.915 [warning] [Decorations] CAPPING events from decorations provider vscode.git 451
2024-02-20 09:25:12.067 [warning] [Decorations] CAPPING events from decorations provider vscode.git 451
2024-02-20 09:25:17.127 [warning] [Decorations] CAPPING events from decorations provider vscode.git 451
2024-02-20 09:25:22.189 [warning] [Decorations] CAPPING events from decorations provider vscode.git 451
2024-02-20 09:25:27.255 [warning] [Decorations] CAPPING events from decorations provider vscode.git 451
2024-02-20 09:25:32.315 [warning] [Decorations] CAPPING events from decorations provider vscode.git 451
2024-02-20 09:25:37.366 [warning] [Decorations] CAPPING events from decorations provider vscode.git 451
2024-02-20 09:25:42.413 [warning] [Decorations] CAPPING events from decorations provider vscode.git 451
2024-02-20 09:25:47.475 [warning] [Decorations] CAPPING events from decorations provider vscode.git 451
2024-02-20 09:25:52.523 [warning] [Decorations] CAPPING events from decorations provider vscode.git 451
2024-02-20 09:25:57.590 [warning] [Decorations] CAPPING events from decorations provider vscode.git 451
2024-02-20 09:26:02.673 [warning] [Decorations] CAPPING events from decorations provider vscode.git 451
2024-02-20 09:26:07.734 [warning] [Decorations] CAPPING events from decorations provider vscode.git 451
2024-02-20 09:26:12.786 [warning] [Decorations] CAPPING events from decorations provider vscode.git 451
2024-02-20 09:26:17.830 [warning] [Decorations] CAPPING events from decorations provider vscode.git 451
2024-02-20 09:26:22.882 [warning] [Decorations] CAPPING events from decorations provider vscode.git 451
2024-02-20 09:26:27.934 [warning] [Decorations] CAPPING events from decorations provider vscode.git 451
2024-02-20 09:26:48.245 [warning] [Decorations] CAPPING events from decorations provider vscode.git 452
2024-02-20 09:26:53.308 [warning] [Decorations] CAPPING events from decorations provider vscode.git 451
2024-02-20 09:26:58.367 [warning] [Decorations] CAPPING events from decorations provider vscode.git 451
2024-02-20 09:27:03.426 [warning] [Decorations] CAPPING events from decorations provider vscode.git 451
2024-02-20 09:27:08.477 [warning] [Decorations] CAPPING events from decorations provider vscode.git 451
2024-02-20 09:27:13.529 [warning] [Decorations] CAPPING events from decorations provider vscode.git 451
2024-02-20 09:27:18.581 [warning] [Decorations] CAPPING events from decorations provider vscode.git 451
2024-02-20 09:27:23.625 [warning] [Decorations] CAPPING events from decorations provider vscode.git 451
2024-02-20 09:27:28.684 [warning] [Decorations] CAPPING events from decorations provider vscode.git 451
2024-02-20 09:27:33.740 [warning] [Decorations] CAPPING events from decorations provider vscode.git 451
2024-02-20 09:27:38.795 [warning] [Decorations] CAPPING events from decorations provider vscode.git 452
2024-02-20 09:27:43.857 [warning] [Decorations] CAPPING events from decorations provider vscode.git 452
2024-02-20 09:27:48.950 [warning] [Decorations] CAPPING events from decorations provider vscode.git 453
2024-02-20 09:27:54.044 [warning] [Decorations] CAPPING events from decorations provider vscode.git 452
2024-02-20 09:27:59.096 [warning] [Decorations] CAPPING events from decorations provider vscode.git 452
2024-02-20 09:28:04.209 [warning] [Decorations] CAPPING events from decorations provider vscode.git 452
2024-02-20 09:28:09.260 [warning] [Decorations] CAPPING events from decorations provider vscode.git 452
2024-02-20 09:28:16.464 [warning] [Decorations] CAPPING events from decorations provider vscode.git 453
2024-02-20 09:28:21.513 [warning] [Decorations] CAPPING events from decorations provider vscode.git 454
2024-02-20 09:28:26.563 [warning] [Decorations] CAPPING events from decorations provider vscode.git 454
2024-02-20 09:28:31.615 [warning] [Decorations] CAPPING events from decorations provider vscode.git 454
2024-02-20 09:28:36.664 [warning] [Decorations] CAPPING events from decorations provider vscode.git 455
2024-02-20 09:28:53.013 [warning] [Decorations] CAPPING events from decorations provider vscode.git 454
2024-02-20 09:28:58.060 [warning] [Decorations] CAPPING events from decorations provider vscode.git 454
2024-02-20 09:29:03.117 [warning] [Decorations] CAPPING events from decorations provider vscode.git 454
2024-02-20 09:29:08.177 [warning] [Decorations] CAPPING events from decorations provider vscode.git 454
2024-02-20 09:29:13.241 [warning] [Decorations] CAPPING events from decorations provider vscode.git 454
2024-02-20 09:29:18.415 [warning] [Decorations] CAPPING events from decorations provider vscode.git 455
2024-02-20 09:29:23.479 [warning] [Decorations] CAPPING events from decorations provider vscode.git 455
2024-02-20 09:29:28.529 [warning] [Decorations] CAPPING events from decorations provider vscode.git 455
2024-02-20 09:29:33.583 [warning] [Decorations] CAPPING events from decorations provider vscode.git 456
2024-02-20 09:29:38.659 [warning] [Decorations] CAPPING events from decorations provider vscode.git 455
2024-02-20 09:29:43.769 [warning] [Decorations] CAPPING events from decorations provider vscode.git 455
2024-02-20 09:29:48.820 [warning] [Decorations] CAPPING events from decorations provider vscode.git 455
2024-02-20 09:29:53.865 [warning] [Decorations] CAPPING events from decorations provider vscode.git 456
2024-02-20 09:31:05.332 [warning] [Decorations] CAPPING events from decorations provider vscode.git 457
2024-02-20 09:31:10.425 [warning] [Decorations] CAPPING events from decorations provider vscode.git 457
2024-02-20 09:31:15.487 [warning] [Decorations] CAPPING events from decorations provider vscode.git 458
2024-02-20 09:31:20.541 [warning] [Decorations] CAPPING events from decorations provider vscode.git 458
2024-02-20 09:31:25.596 [warning] [Decorations] CAPPING events from decorations provider vscode.git 458
2024-02-20 09:31:30.649 [warning] [Decorations] CAPPING events from decorations provider vscode.git 459
2024-02-20 09:31:35.702 [warning] [Decorations] CAPPING events from decorations provider vscode.git 459
2024-02-20 09:32:46.982 [warning] [Decorations] CAPPING events from decorations provider vscode.git 460
2024-02-20 09:32:52.053 [warning] [Decorations] CAPPING events from decorations provider vscode.git 459
2024-02-20 09:32:57.107 [warning] [Decorations] CAPPING events from decorations provider vscode.git 460
2024-02-20 09:33:02.148 [warning] [Decorations] CAPPING events from decorations provider vscode.git 460
2024-02-20 09:33:07.200 [warning] [Decorations] CAPPING events from decorations provider vscode.git 461
2024-02-20 09:33:12.255 [warning] [Decorations] CAPPING events from decorations provider vscode.git 461
2024-02-20 09:33:17.305 [warning] [Decorations] CAPPING events from decorations provider vscode.git 461
2024-02-20 09:33:22.363 [warning] [Decorations] CAPPING events from decorations provider vscode.git 461
2024-02-20 09:33:27.411 [warning] [Decorations] CAPPING events from decorations provider vscode.git 461
2024-02-20 09:33:32.466 [warning] [Decorations] CAPPING events from decorations provider vscode.git 461
2024-02-20 09:33:37.513 [warning] [Decorations] CAPPING events from decorations provider vscode.git 461
2024-02-20 09:33:42.566 [warning] [Decorations] CAPPING events from decorations provider vscode.git 461
2024-02-20 09:33:56.070 [warning] [Decorations] CAPPING events from decorations provider vscode.git 462
2024-02-20 09:34:01.147 [warning] [Decorations] CAPPING events from decorations provider vscode.git 461
2024-02-20 09:34:06.204 [warning] [Decorations] CAPPING events from decorations provider vscode.git 462
2024-02-20 09:34:11.257 [warning] [Decorations] CAPPING events from decorations provider vscode.git 462
2024-02-20 09:34:16.309 [warning] [Decorations] CAPPING events from decorations provider vscode.git 462
2024-02-20 09:34:21.363 [warning] [Decorations] CAPPING events from decorations provider vscode.git 462
2024-02-20 09:34:26.427 [warning] [Decorations] CAPPING events from decorations provider vscode.git 462
2024-02-20 09:34:31.479 [warning] [Decorations] CAPPING events from decorations provider vscode.git 462
2024-02-20 09:34:36.563 [warning] [Decorations] CAPPING events from decorations provider vscode.git 462
2024-02-20 09:34:41.636 [warning] [Decorations] CAPPING events from decorations provider vscode.git 462
2024-02-20 09:34:46.704 [warning] [Decorations] CAPPING events from decorations provider vscode.git 462
2024-02-20 09:34:51.794 [warning] [Decorations] CAPPING events from decorations provider vscode.git 462
2024-02-20 09:34:56.885 [warning] [Decorations] CAPPING events from decorations provider vscode.git 462
2024-02-20 09:35:01.966 [warning] [Decorations] CAPPING events from decorations provider vscode.git 462
2024-02-20 09:35:07.024 [warning] [Decorations] CAPPING events from decorations provider vscode.git 462
2024-02-20 09:35:12.112 [warning] [Decorations] CAPPING events from decorations provider vscode.git 462
2024-02-20 09:35:17.209 [warning] [Decorations] CAPPING events from decorations provider vscode.git 462
2024-02-20 09:35:22.299 [warning] [Decorations] CAPPING events from decorations provider vscode.git 462
2024-02-20 09:35:27.357 [warning] [Decorations] CAPPING events from decorations provider vscode.git 462
2024-02-20 09:35:32.469 [warning] [Decorations] CAPPING events from decorations provider vscode.git 462
2024-02-20 09:35:37.539 [warning] [Decorations] CAPPING events from decorations provider vscode.git 462
2024-02-20 09:35:42.643 [warning] [Decorations] CAPPING events from decorations provider vscode.git 462
2024-02-20 09:35:47.741 [warning] [Decorations] CAPPING events from decorations provider vscode.git 462
2024-02-20 09:35:52.834 [warning] [Decorations] CAPPING events from decorations provider vscode.git 462
2024-02-20 09:35:57.930 [warning] [Decorations] CAPPING events from decorations provider vscode.git 462
2024-02-20 09:36:03.051 [warning] [Decorations] CAPPING events from decorations provider vscode.git 462
2024-02-20 09:36:08.147 [warning] [Decorations] CAPPING events from decorations provider vscode.git 462
2024-02-20 09:36:13.214 [warning] [Decorations] CAPPING events from decorations provider vscode.git 462
2024-02-20 09:36:18.292 [warning] [Decorations] CAPPING events from decorations provider vscode.git 462
2024-02-20 09:36:23.344 [warning] [Decorations] CAPPING events from decorations provider vscode.git 462
2024-02-20 09:36:28.396 [warning] [Decorations] CAPPING events from decorations provider vscode.git 462
2024-02-20 09:36:33.447 [warning] [Decorations] CAPPING events from decorations provider vscode.git 462
2024-02-20 09:36:38.504 [warning] [Decorations] CAPPING events from decorations provider vscode.git 462
2024-02-20 09:36:43.567 [warning] [Decorations] CAPPING events from decorations provider vscode.git 462
2024-02-20 09:36:48.627 [warning] [Decorations] CAPPING events from decorations provider vscode.git 462
2024-02-20 09:36:53.690 [warning] [Decorations] CAPPING events from decorations provider vscode.git 462
2024-02-20 09:36:58.741 [warning] [Decorations] CAPPING events from decorations provider vscode.git 462
2024-02-20 09:37:03.795 [warning] [Decorations] CAPPING events from decorations provider vscode.git 462
2024-02-20 09:37:08.858 [warning] [Decorations] CAPPING events from decorations provider vscode.git 462
2024-02-20 09:37:13.915 [warning] [Decorations] CAPPING events from decorations provider vscode.git 462
2024-02-20 09:37:18.985 [warning] [Decorations] CAPPING events from decorations provider vscode.git 462
2024-02-20 09:37:24.041 [warning] [Decorations] CAPPING events from decorations provider vscode.git 462
2024-02-20 09:37:29.096 [warning] [Decorations] CAPPING events from decorations provider vscode.git 462
2024-02-20 09:37:34.171 [warning] [Decorations] CAPPING events from decorations provider vscode.git 462
2024-02-20 09:37:39.236 [warning] [Decorations] CAPPING events from decorations provider vscode.git 462
2024-02-20 09:37:44.282 [warning] [Decorations] CAPPING events from decorations provider vscode.git 462
2024-02-20 09:37:49.338 [warning] [Decorations] CAPPING events from decorations provider vscode.git 462
2024-02-20 09:37:54.391 [warning] [Decorations] CAPPING events from decorations provider vscode.git 462
2024-02-20 09:37:59.452 [warning] [Decorations] CAPPING events from decorations provider vscode.git 462
2024-02-20 09:38:04.504 [warning] [Decorations] CAPPING events from decorations provider vscode.git 462
2024-02-20 09:38:09.558 [warning] [Decorations] CAPPING events from decorations provider vscode.git 462
2024-02-20 09:38:14.615 [warning] [Decorations] CAPPING events from decorations provider vscode.git 462
2024-02-20 09:38:19.671 [warning] [Decorations] CAPPING events from decorations provider vscode.git 462
2024-02-20 09:38:24.726 [warning] [Decorations] CAPPING events from decorations provider vscode.git 462
2024-02-20 09:38:29.780 [warning] [Decorations] CAPPING events from decorations provider vscode.git 462
2024-02-20 09:38:34.832 [warning] [Decorations] CAPPING events from decorations provider vscode.git 462
2024-02-20 09:38:39.888 [warning] [Decorations] CAPPING events from decorations provider vscode.git 462
2024-02-20 09:38:44.944 [warning] [Decorations] CAPPING events from decorations provider vscode.git 462
2024-02-20 09:38:49.997 [warning] [Decorations] CAPPING events from decorations provider vscode.git 462
2024-02-20 09:38:55.053 [warning] [Decorations] CAPPING events from decorations provider vscode.git 462
2024-02-20 09:39:00.117 [warning] [Decorations] CAPPING events from decorations provider vscode.git 462
2024-02-20 09:39:05.193 [warning] [Decorations] CAPPING events from decorations provider vscode.git 462
2024-02-20 09:39:10.261 [warning] [Decorations] CAPPING events from decorations provider vscode.git 462
2024-02-20 09:39:15.447 [warning] [Decorations] CAPPING events from decorations provider vscode.git 463
2024-02-20 09:39:20.495 [warning] [Decorations] CAPPING events from decorations provider vscode.git 463
2024-02-20 09:39:25.541 [warning] [Decorations] CAPPING events from decorations provider vscode.git 463
2024-02-20 09:39:30.593 [warning] [Decorations] CAPPING events from decorations provider vscode.git 463
2024-02-20 09:39:35.684 [warning] [Decorations] CAPPING events from decorations provider vscode.git 463
2024-02-20 09:39:40.773 [warning] [Decorations] CAPPING events from decorations provider vscode.git 463
2024-02-20 09:39:45.872 [warning] [Decorations] CAPPING events from decorations provider vscode.git 463
2024-02-20 09:39:50.960 [warning] [Decorations] CAPPING events from decorations provider vscode.git 463
2024-02-20 09:39:56.051 [warning] [Decorations] CAPPING events from decorations provider vscode.git 463
2024-02-20 09:40:01.159 [warning] [Decorations] CAPPING events from decorations provider vscode.git 463
2024-02-20 09:40:06.259 [warning] [Decorations] CAPPING events from decorations provider vscode.git 463
2024-02-20 09:40:11.312 [warning] [Decorations] CAPPING events from decorations provider vscode.git 463
2024-02-20 09:40:16.361 [warning] [Decorations] CAPPING events from decorations provider vscode.git 463
2024-02-20 09:40:21.411 [warning] [Decorations] CAPPING events from decorations provider vscode.git 463
2024-02-20 09:40:26.470 [warning] [Decorations] CAPPING events from decorations provider vscode.git 463
2024-02-20 09:40:31.526 [warning] [Decorations] CAPPING events from decorations provider vscode.git 463
2024-02-20 09:40:36.591 [warning] [Decorations] CAPPING events from decorations provider vscode.git 463
2024-02-20 09:40:41.651 [warning] [Decorations] CAPPING events from decorations provider vscode.git 463
2024-02-20 09:40:46.702 [warning] [Decorations] CAPPING events from decorations provider vscode.git 463
2024-02-20 09:40:51.751 [warning] [Decorations] CAPPING events from decorations provider vscode.git 463
2024-02-20 09:40:56.805 [warning] [Decorations] CAPPING events from decorations provider vscode.git 463
2024-02-20 09:41:01.856 [warning] [Decorations] CAPPING events from decorations provider vscode.git 463
2024-02-20 09:41:06.904 [warning] [Decorations] CAPPING events from decorations provider vscode.git 463
2024-02-20 09:41:11.956 [warning] [Decorations] CAPPING events from decorations provider vscode.git 463
2024-02-20 09:41:17.011 [warning] [Decorations] CAPPING events from decorations provider vscode.git 463
2024-02-20 09:41:22.059 [warning] [Decorations] CAPPING events from decorations provider vscode.git 463
2024-02-20 09:41:27.117 [warning] [Decorations] CAPPING events from decorations provider vscode.git 463
2024-02-20 09:41:32.201 [warning] [Decorations] CAPPING events from decorations provider vscode.git 463
2024-02-20 09:45:41.994 [warning] [Decorations] CAPPING events from decorations provider vscode.git 464
2024-02-20 09:45:47.043 [warning] [Decorations] CAPPING events from decorations provider vscode.git 465
2024-02-20 09:45:58.704 [warning] [Decorations] CAPPING events from decorations provider vscode.git 466
2024-02-20 09:46:03.777 [warning] [Decorations] CAPPING events from decorations provider vscode.git 465
2024-02-20 09:46:08.831 [warning] [Decorations] CAPPING events from decorations provider vscode.git 466
2024-02-20 09:46:13.883 [warning] [Decorations] CAPPING events from decorations provider vscode.git 465
2024-02-20 09:46:18.933 [warning] [Decorations] CAPPING events from decorations provider vscode.git 465
2024-02-20 09:46:24.016 [warning] [Decorations] CAPPING events from decorations provider vscode.git 466
2024-02-20 09:47:00.939 [warning] [Decorations] CAPPING events from decorations provider vscode.git 467
2024-02-20 09:47:06.061 [warning] [Decorations] CAPPING events from decorations provider vscode.git 467
2024-02-20 09:47:11.144 [warning] [Decorations] CAPPING events from decorations provider vscode.git 467
2024-02-20 09:47:16.202 [warning] [Decorations] CAPPING events from decorations provider vscode.git 467
2024-02-20 09:47:21.287 [warning] [Decorations] CAPPING events from decorations provider vscode.git 468
2024-02-20 09:47:26.346 [warning] [Decorations] CAPPING events from decorations provider vscode.git 468
2024-02-20 09:47:31.390 [warning] [Decorations] CAPPING events from decorations provider vscode.git 468
2024-02-20 09:47:36.443 [warning] [Decorations] CAPPING events from decorations provider vscode.git 468
2024-02-20 09:47:41.546 [warning] [Decorations] CAPPING events from decorations provider vscode.git 468
2024-02-20 09:47:46.651 [warning] [Decorations] CAPPING events from decorations provider vscode.git 468
2024-02-20 09:47:51.757 [warning] [Decorations] CAPPING events from decorations provider vscode.git 468
2024-02-20 09:47:56.813 [warning] [Decorations] CAPPING events from decorations provider vscode.git 468
2024-02-20 09:48:01.903 [warning] [Decorations] CAPPING events from decorations provider vscode.git 468
2024-02-20 09:48:06.959 [warning] [Decorations] CAPPING events from decorations provider vscode.git 468
2024-02-20 09:48:12.012 [warning] [Decorations] CAPPING events from decorations provider vscode.git 468
2024-02-20 09:48:17.067 [warning] [Decorations] CAPPING events from decorations provider vscode.git 469
2024-02-20 09:48:22.136 [warning] [Decorations] CAPPING events from decorations provider vscode.git 469
2024-02-20 09:48:27.198 [warning] [Decorations] CAPPING events from decorations provider vscode.git 469
2024-02-20 09:48:32.250 [warning] [Decorations] CAPPING events from decorations provider vscode.git 469
2024-02-20 09:48:37.318 [warning] [Decorations] CAPPING events from decorations provider vscode.git 469
2024-02-20 09:50:14.541 [warning] [Decorations] CAPPING events from decorations provider vscode.git 471
2024-02-20 09:50:19.590 [warning] [Decorations] CAPPING events from decorations provider vscode.git 470
2024-02-20 09:50:24.647 [warning] [Decorations] CAPPING events from decorations provider vscode.git 470
2024-02-20 09:50:29.694 [warning] [Decorations] CAPPING events from decorations provider vscode.git 470
2024-02-20 09:50:34.748 [warning] [Decorations] CAPPING events from decorations provider vscode.git 470
2024-02-20 09:50:39.797 [warning] [Decorations] CAPPING events from decorations provider vscode.git 470
2024-02-20 09:50:44.847 [warning] [Decorations] CAPPING events from decorations provider vscode.git 471
2024-02-20 09:50:49.920 [warning] [Decorations] CAPPING events from decorations provider vscode.git 472
2024-02-20 09:50:54.989 [warning] [Decorations] CAPPING events from decorations provider vscode.git 471
2024-02-20 09:51:00.043 [warning] [Decorations] CAPPING events from decorations provider vscode.git 471
2024-02-20 09:51:05.093 [warning] [Decorations] CAPPING events from decorations provider vscode.git 471
2024-02-20 09:51:25.165 [warning] [Decorations] CAPPING events from decorations provider vscode.git 472
2024-02-20 09:51:30.235 [warning] [Decorations] CAPPING events from decorations provider vscode.git 472
2024-02-20 09:51:35.292 [warning] [Decorations] CAPPING events from decorations provider vscode.git 473
2024-02-20 09:51:40.344 [warning] [Decorations] CAPPING events from decorations provider vscode.git 474
2024-02-20 09:51:45.396 [warning] [Decorations] CAPPING events from decorations provider vscode.git 473
2024-02-20 09:51:50.444 [warning] [Decorations] CAPPING events from decorations provider vscode.git 473
2024-02-20 09:51:55.502 [warning] [Decorations] CAPPING events from decorations provider vscode.git 473
2024-02-20 09:52:00.550 [warning] [Decorations] CAPPING events from decorations provider vscode.git 473
2024-02-20 09:52:05.623 [warning] [Decorations] CAPPING events from decorations provider vscode.git 474
2024-02-20 09:52:10.679 [warning] [Decorations] CAPPING events from decorations provider vscode.git 474
2024-02-20 09:52:15.775 [warning] [Decorations] CAPPING events from decorations provider vscode.git 474
2024-02-20 09:52:20.852 [warning] [Decorations] CAPPING events from decorations provider vscode.git 475
2024-02-20 09:52:25.909 [warning] [Decorations] CAPPING events from decorations provider vscode.git 476
2024-02-20 09:52:34.803 [warning] [Decorations] CAPPING events from decorations provider vscode.git 475
2024-02-20 09:52:39.884 [warning] [Decorations] CAPPING events from decorations provider vscode.git 475
2024-02-20 09:52:45.038 [warning] [Decorations] CAPPING events from decorations provider vscode.git 475
2024-02-20 09:52:58.561 [warning] [Decorations] CAPPING events from decorations provider vscode.git 476
2024-02-20 09:53:03.733 [warning] [Decorations] CAPPING events from decorations provider vscode.git 477
2024-02-20 09:53:08.820 [warning] [Decorations] CAPPING events from decorations provider vscode.git 477
2024-02-20 09:53:13.939 [warning] [Decorations] CAPPING events from decorations provider vscode.git 478
2024-02-20 09:53:26.209 [warning] [Decorations] CAPPING events from decorations provider vscode.git 478
2024-02-20 09:53:31.259 [warning] [Decorations] CAPPING events from decorations provider vscode.git 479
2024-02-20 09:53:47.754 [warning] [Decorations] CAPPING events from decorations provider vscode.git 480
2024-02-20 09:53:52.800 [warning] [Decorations] CAPPING events from decorations provider vscode.git 480
2024-02-20 09:53:57.846 [warning] [Decorations] CAPPING events from decorations provider vscode.git 480
2024-02-20 09:54:09.193 [warning] [Decorations] CAPPING events from decorations provider vscode.git 481
2024-02-20 09:54:14.272 [warning] [Decorations] CAPPING events from decorations provider vscode.git 481
2024-02-20 09:54:19.324 [warning] [Decorations] CAPPING events from decorations provider vscode.git 481
2024-02-20 09:54:24.375 [warning] [Decorations] CAPPING events from decorations provider vscode.git 481
2024-02-20 09:54:29.426 [warning] [Decorations] CAPPING events from decorations provider vscode.git 481
2024-02-20 09:54:34.472 [warning] [Decorations] CAPPING events from decorations provider vscode.git 482
2024-02-20 09:54:39.555 [warning] [Decorations] CAPPING events from decorations provider vscode.git 483
2024-02-20 09:54:49.833 [warning] [Decorations] CAPPING events from decorations provider vscode.git 482
2024-02-20 09:54:54.935 [warning] [Decorations] CAPPING events from decorations provider vscode.git 482
2024-02-20 09:54:59.989 [warning] [Decorations] CAPPING events from decorations provider vscode.git 482
2024-02-20 09:55:05.050 [warning] [Decorations] CAPPING events from decorations provider vscode.git 482
2024-02-20 09:55:10.104 [warning] [Decorations] CAPPING events from decorations provider vscode.git 482
2024-02-20 09:55:15.156 [warning] [Decorations] CAPPING events from decorations provider vscode.git 483
2024-02-20 09:55:20.217 [warning] [Decorations] CAPPING events from decorations provider vscode.git 483
2024-02-20 09:55:25.275 [warning] [Decorations] CAPPING events from decorations provider vscode.git 484
2024-02-20 09:55:30.328 [warning] [Decorations] CAPPING events from decorations provider vscode.git 485
2024-02-20 09:55:35.379 [warning] [Decorations] CAPPING events from decorations provider vscode.git 484
2024-02-20 09:55:40.445 [warning] [Decorations] CAPPING events from decorations provider vscode.git 484
2024-02-20 09:55:45.507 [warning] [Decorations] CAPPING events from decorations provider vscode.git 484
2024-02-20 09:55:50.551 [warning] [Decorations] CAPPING events from decorations provider vscode.git 484
2024-02-20 09:55:55.597 [warning] [Decorations] CAPPING events from decorations provider vscode.git 484
2024-02-20 09:56:00.645 [warning] [Decorations] CAPPING events from decorations provider vscode.git 484
2024-02-20 09:56:05.691 [warning] [Decorations] CAPPING events from decorations provider vscode.git 484
2024-02-20 09:56:10.748 [warning] [Decorations] CAPPING events from decorations provider vscode.git 484
2024-02-20 09:56:15.808 [warning] [Decorations] CAPPING events from decorations provider vscode.git 484
2024-02-20 09:56:30.592 [warning] [Decorations] CAPPING events from decorations provider vscode.git 485
2024-02-20 09:56:44.464 [warning] [Decorations] CAPPING events from decorations provider vscode.git 486
2024-02-20 09:56:49.579 [warning] [Decorations] CAPPING events from decorations provider vscode.git 486
2024-02-20 09:56:54.639 [warning] [Decorations] CAPPING events from decorations provider vscode.git 486
2024-02-20 09:56:59.691 [warning] [Decorations] CAPPING events from decorations provider vscode.git 487
2024-02-20 09:57:05.343 [warning] [Decorations] CAPPING events from decorations provider vscode.git 487
2024-02-20 09:57:33.270 [warning] [Decorations] CAPPING events from decorations provider vscode.git 487
2024-02-20 09:57:38.354 [warning] [Decorations] CAPPING events from decorations provider vscode.git 487
2024-02-20 09:58:02.263 [warning] [Decorations] CAPPING events from decorations provider vscode.git 487
2024-02-20 09:58:07.424 [warning] [Decorations] CAPPING events from decorations provider vscode.git 487
2024-02-20 09:58:12.475 [warning] [Decorations] CAPPING events from decorations provider vscode.git 488
2024-02-20 09:58:17.519 [warning] [Decorations] CAPPING events from decorations provider vscode.git 488
2024-02-20 09:58:22.587 [warning] [Decorations] CAPPING events from decorations provider vscode.git 488
2024-02-20 09:58:27.641 [warning] [Decorations] CAPPING events from decorations provider vscode.git 488
2024-02-20 09:58:32.694 [warning] [Decorations] CAPPING events from decorations provider vscode.git 488
2024-02-20 09:58:37.737 [warning] [Decorations] CAPPING events from decorations provider vscode.git 488
2024-02-20 09:58:42.799 [warning] [Decorations] CAPPING events from decorations provider vscode.git 488
2024-02-20 09:58:47.868 [warning] [Decorations] CAPPING events from decorations provider vscode.git 488
2024-02-20 09:58:52.923 [warning] [Decorations] CAPPING events from decorations provider vscode.git 489
2024-02-20 09:58:57.989 [warning] [Decorations] CAPPING events from decorations provider vscode.git 489
2024-02-20 09:59:03.054 [warning] [Decorations] CAPPING events from decorations provider vscode.git 489
2024-02-20 09:59:08.106 [warning] [Decorations] CAPPING events from decorations provider vscode.git 489
2024-02-20 09:59:13.154 [warning] [Decorations] CAPPING events from decorations provider vscode.git 489
2024-02-20 09:59:18.201 [warning] [Decorations] CAPPING events from decorations provider vscode.git 489
2024-02-20 09:59:23.259 [warning] [Decorations] CAPPING events from decorations provider vscode.git 489
2024-02-20 09:59:28.317 [warning] [Decorations] CAPPING events from decorations provider vscode.git 489
2024-02-20 09:59:33.380 [warning] [Decorations] CAPPING events from decorations provider vscode.git 489
2024-02-20 09:59:38.432 [warning] [Decorations] CAPPING events from decorations provider vscode.git 489
2024-02-20 09:59:43.497 [warning] [Decorations] CAPPING events from decorations provider vscode.git 489
2024-02-20 09:59:48.546 [warning] [Decorations] CAPPING events from decorations provider vscode.git 489
2024-02-20 09:59:53.609 [warning] [Decorations] CAPPING events from decorations provider vscode.git 489
2024-02-20 09:59:58.667 [warning] [Decorations] CAPPING events from decorations provider vscode.git 489
2024-02-20 10:00:03.711 [warning] [Decorations] CAPPING events from decorations provider vscode.git 489
2024-02-20 10:00:08.754 [warning] [Decorations] CAPPING events from decorations provider vscode.git 489
2024-02-20 10:00:13.805 [warning] [Decorations] CAPPING events from decorations provider vscode.git 489
2024-02-20 10:00:18.854 [warning] [Decorations] CAPPING events from decorations provider vscode.git 490
2024-02-20 10:00:23.909 [warning] [Decorations] CAPPING events from decorations provider vscode.git 490
2024-02-20 10:00:28.967 [warning] [Decorations] CAPPING events from decorations provider vscode.git 490
2024-02-20 10:00:34.031 [warning] [Decorations] CAPPING events from decorations provider vscode.git 490
2024-02-20 10:00:39.091 [warning] [Decorations] CAPPING events from decorations provider vscode.git 490
2024-02-20 10:00:44.144 [warning] [Decorations] CAPPING events from decorations provider vscode.git 490
2024-02-20 10:00:49.196 [warning] [Decorations] CAPPING events from decorations provider vscode.git 490
2024-02-20 10:00:54.244 [warning] [Decorations] CAPPING events from decorations provider vscode.git 490
2024-02-20 10:00:59.306 [warning] [Decorations] CAPPING events from decorations provider vscode.git 491
2024-02-20 10:01:04.358 [warning] [Decorations] CAPPING events from decorations provider vscode.git 491
2024-02-20 10:01:09.415 [warning] [Decorations] CAPPING events from decorations provider vscode.git 491
2024-02-20 10:01:14.459 [warning] [Decorations] CAPPING events from decorations provider vscode.git 491
2024-02-20 10:01:19.509 [warning] [Decorations] CAPPING events from decorations provider vscode.git 491
2024-02-20 10:01:24.560 [warning] [Decorations] CAPPING events from decorations provider vscode.git 492
2024-02-20 10:01:29.626 [warning] [Decorations] CAPPING events from decorations provider vscode.git 491
2024-02-20 10:01:34.860 [warning] [Decorations] CAPPING events from decorations provider vscode.git 491
2024-02-20 10:01:39.945 [warning] [Decorations] CAPPING events from decorations provider vscode.git 491
2024-02-20 10:01:44.997 [warning] [Decorations] CAPPING events from decorations provider vscode.git 491
2024-02-20 10:01:50.042 [warning] [Decorations] CAPPING events from decorations provider vscode.git 491
2024-02-20 10:01:55.143 [warning] [Decorations] CAPPING events from decorations provider vscode.git 491
2024-02-20 10:02:00.226 [warning] [Decorations] CAPPING events from decorations provider vscode.git 491
2024-02-20 10:02:05.316 [warning] [Decorations] CAPPING events from decorations provider vscode.git 491
2024-02-20 10:02:10.367 [warning] [Decorations] CAPPING events from decorations provider vscode.git 491
2024-02-20 10:02:15.420 [warning] [Decorations] CAPPING events from decorations provider vscode.git 491
2024-02-20 10:02:20.471 [warning] [Decorations] CAPPING events from decorations provider vscode.git 491
2024-02-20 10:02:25.516 [warning] [Decorations] CAPPING events from decorations provider vscode.git 491
2024-02-20 10:04:26.701 [info] Extension host terminating: renderer closed the MessagePort
2024-02-20 10:04:26.763 [error] Canceled: Canceled
	at new f (/usr/share/code/resources/app/out/vs/workbench/api/node/extensionHostProcess.js:140:45069)
	at d.U (/usr/share/code/resources/app/out/vs/workbench/api/node/extensionHostProcess.js:147:5557)
	at T.<computed>.O.charCodeAt.T.<computed> (/usr/share/code/resources/app/out/vs/workbench/api/node/extensionHostProcess.js:147:3008)
	at s.g (/usr/share/code/resources/app/out/vs/workbench/api/node/extensionHostProcess.js:150:174704)
	at s.executeCommand (/usr/share/code/resources/app/out/vs/workbench/api/node/extensionHostProcess.js:150:174142)
	at m.registerCommand.description (/usr/share/code/resources/app/out/vs/workbench/api/node/extensionHostProcess.js:150:173466)
	at s.h (/usr/share/code/resources/app/out/vs/workbench/api/node/extensionHostProcess.js:150:175243)
	at s.g (/usr/share/code/resources/app/out/vs/workbench/api/node/extensionHostProcess.js:150:174235)
	at s.executeCommand (/usr/share/code/resources/app/out/vs/workbench/api/node/extensionHostProcess.js:150:174142)
	at Object.executeCommand (/usr/share/code/resources/app/out/vs/workbench/api/node/extensionHostProcess.js:160:21634)
	at g.I [as value] (/usr/share/code/resources/app/extensions/git/dist/main.js:2:927298)
	at r.y (/usr/share/code/resources/app/out/vs/workbench/api/node/extensionHostProcess.js:80:1902)
	at r.z (/usr/share/code/resources/app/out/vs/workbench/api/node/extensionHostProcess.js:80:1972)
	at r.fire (/usr/share/code/resources/app/out/vs/workbench/api/node/extensionHostProcess.js:80:2188)
	at Object.m [as dispose] (/usr/share/code/resources/app/extensions/git/dist/main.js:2:943089)
	at /usr/share/code/resources/app/extensions/git/dist/main.js:2:947930
	at Array.forEach (<anonymous>)
	at p.dispose (/usr/share/code/resources/app/extensions/git/dist/main.js:2:947916)
	at c.<anonymous> (/usr/share/code/resources/app/out/vs/workbench/api/node/extensionHostProcess.js:148:3650)
	at c.dispose (/usr/share/code/resources/app/out/vs/workbench/api/node/extensionHostProcess.js:148:3747)
	at c.<anonymous> (/usr/share/code/resources/app/extensions/git/dist/main.js:2:929310)
	at c.dispose (/usr/share/code/resources/app/out/vs/workbench/api/node/extensionHostProcess.js:148:3747)
	at o (/usr/share/code/resources/app/out/vs/workbench/api/node/extensionHostProcess.js:30:754)
	at g.cb (/usr/share/code/resources/app/out/vs/workbench/api/node/extensionHostProcess.js:156:9874)
	at /usr/share/code/resources/app/out/vs/workbench/api/node/extensionHostProcess.js:156:7808
	at Array.map (<anonymous>)
	at g.Y (/usr/share/code/resources/app/out/vs/workbench/api/node/extensionHostProcess.js:156:7795)
	at g.terminate (/usr/share/code/resources/app/out/vs/workbench/api/node/extensionHostProcess.js:156:8068)
	at o.terminate (/usr/share/code/resources/app/out/vs/workbench/api/node/extensionHostProcess.js:160:1513)
	at t (/usr/share/code/resources/app/out/vs/workbench/api/node/extensionHostProcess.js:173:9950)
	at MessagePortMain.<anonymous> (/usr/share/code/resources/app/out/vs/workbench/api/node/extensionHostProcess.js:173:6375)
	at MessagePortMain.emit (node:events:514:28)
	at Object.emit (node:electron/js2c/utility_init:2:2285) setContext undefined
2024-02-20 10:04:26.764 [error] Canceled: Canceled
	at new f (/usr/share/code/resources/app/out/vs/workbench/api/node/extensionHostProcess.js:140:45069)
	at d.U (/usr/share/code/resources/app/out/vs/workbench/api/node/extensionHostProcess.js:147:5557)
	at T.<computed>.O.charCodeAt.T.<computed> (/usr/share/code/resources/app/out/vs/workbench/api/node/extensionHostProcess.js:147:3008)
	at s.g (/usr/share/code/resources/app/out/vs/workbench/api/node/extensionHostProcess.js:150:174704)
	at s.executeCommand (/usr/share/code/resources/app/out/vs/workbench/api/node/extensionHostProcess.js:150:174142)
	at m.registerCommand.description (/usr/share/code/resources/app/out/vs/workbench/api/node/extensionHostProcess.js:150:173466)
	at s.h (/usr/share/code/resources/app/out/vs/workbench/api/node/extensionHostProcess.js:150:175243)
	at s.g (/usr/share/code/resources/app/out/vs/workbench/api/node/extensionHostProcess.js:150:174235)
	at s.executeCommand (/usr/share/code/resources/app/out/vs/workbench/api/node/extensionHostProcess.js:150:174142)
	at Object.executeCommand (/usr/share/code/resources/app/out/vs/workbench/api/node/extensionHostProcess.js:160:21634)
	at set b [as b] (/usr/share/code/resources/app/extensions/github/dist/extension.js:2:322364)
	at /usr/share/code/resources/app/extensions/github/dist/extension.js:2:323005
	at g.value (/usr/share/code/resources/app/extensions/git/dist/main.js:2:1018251)
	at r.y (/usr/share/code/resources/app/out/vs/workbench/api/node/extensionHostProcess.js:80:1902)
	at r.z (/usr/share/code/resources/app/out/vs/workbench/api/node/extensionHostProcess.js:80:1972)
	at r.fire (/usr/share/code/resources/app/out/vs/workbench/api/node/extensionHostProcess.js:80:2188)
	at Object.m [as dispose] (/usr/share/code/resources/app/extensions/git/dist/main.js:2:943089)
	at /usr/share/code/resources/app/extensions/git/dist/main.js:2:947930
	at Array.forEach (<anonymous>)
	at p.dispose (/usr/share/code/resources/app/extensions/git/dist/main.js:2:947916)
	at c.<anonymous> (/usr/share/code/resources/app/out/vs/workbench/api/node/extensionHostProcess.js:148:3650)
	at c.dispose (/usr/share/code/resources/app/out/vs/workbench/api/node/extensionHostProcess.js:148:3747)
	at c.<anonymous> (/usr/share/code/resources/app/extensions/git/dist/main.js:2:929310)
	at c.dispose (/usr/share/code/resources/app/out/vs/workbench/api/node/extensionHostProcess.js:148:3747)
	at o (/usr/share/code/resources/app/out/vs/workbench/api/node/extensionHostProcess.js:30:754)
	at g.cb (/usr/share/code/resources/app/out/vs/workbench/api/node/extensionHostProcess.js:156:9874)
	at /usr/share/code/resources/app/out/vs/workbench/api/node/extensionHostProcess.js:156:7808
	at Array.map (<anonymous>)
	at g.Y (/usr/share/code/resources/app/out/vs/workbench/api/node/extensionHostProcess.js:156:7795)
	at g.terminate (/usr/share/code/resources/app/out/vs/workbench/api/node/extensionHostProcess.js:156:8068)
	at o.terminate (/usr/share/code/resources/app/out/vs/workbench/api/node/extensionHostProcess.js:160:1513)
	at t (/usr/share/code/resources/app/out/vs/workbench/api/node/extensionHostProcess.js:173:9950)
	at MessagePortMain.<anonymous> (/usr/share/code/resources/app/out/vs/workbench/api/node/extensionHostProcess.js:173:6375)
	at MessagePortMain.emit (node:events:514:28)
	at Object.emit (node:electron/js2c/utility_init:2:2285) setContext undefined
2024-02-20 10:04:26.770 [info] Extension host with pid 3836 exiting with code 0
