2024-02-20 06:40:17.576 [info] Added views:workbench.panel.markers.view in workbench.panel.markers
2024-02-20 06:40:17.576 [info] Added views:workbench.panel.output in workbench.panel.output
2024-02-20 06:40:17.576 [info] Added views:terminal in terminal
2024-02-20 06:40:17.576 [info] Added views:outline in workbench.view.explorer
2024-02-20 06:40:17.576 [info] Added views:workbench.scm in workbench.view.scm
2024-02-20 06:40:17.576 [info] Added views:workbench.view.search in workbench.view.search
2024-02-20 06:40:17.576 [info] Added views:timeline in workbench.view.explorer
2024-02-20 06:40:17.576 [info] Added views:workbench.explorer.emptyView in workbench.view.explorer
2024-02-20 06:40:18.454 [info] Added views:workbench.debug.variablesView,workbench.debug.watchExpressionsView,workbench.debug.callStackView,workbench.debug.breakPointsView in workbench.view.debug
2024-02-20 06:40:22.170 [info] Added views:~remote.forwardedPorts in ~remote.forwardedPortsContainer
2024-02-20 06:40:22.498 [info] Added views:workbench.panel.repl.view in workbench.panel.repl
2024-02-20 06:40:22.503 [info] Removed views:workbench.debug.breakPointsView,workbench.debug.callStackView,workbench.debug.watchExpressionsView,workbench.debug.variablesView from workbench.view.debug
2024-02-20 06:40:22.505 [info] Added views:workbench.debug.welcome in workbench.view.debug
2024-02-20 06:40:45.937 [info] Added views:workbench.panel.markers.view in workbench.panel.markers
2024-02-20 06:40:45.937 [info] Added views:workbench.panel.output in workbench.panel.output
2024-02-20 06:40:45.937 [info] Added views:terminal in terminal
2024-02-20 06:40:45.937 [info] Added views:outline in workbench.view.explorer
2024-02-20 06:40:45.937 [info] Added views:workbench.scm in workbench.view.scm
2024-02-20 06:40:45.937 [info] Added views:workbench.view.search in workbench.view.search
2024-02-20 06:40:45.937 [info] Added views:timeline in workbench.view.explorer
2024-02-20 06:40:45.937 [info] Added views:workbench.explorer.fileView in workbench.view.explorer
2024-02-20 06:40:46.527 [info] Added views:workbench.debug.variablesView,workbench.debug.watchExpressionsView,workbench.debug.callStackView,workbench.debug.breakPointsView in workbench.view.debug
2024-02-20 06:40:48.304 [info] Added views:workbench.panel.repl.view in workbench.panel.repl
2024-02-20 06:40:48.311 [info] Removed views:workbench.debug.breakPointsView,workbench.debug.callStackView,workbench.debug.watchExpressionsView,workbench.debug.variablesView from workbench.view.debug
2024-02-20 06:40:48.317 [info] Added views:workbench.debug.welcome in workbench.view.debug
2024-02-20 06:40:48.994 [info] Added views:~remote.forwardedPorts in ~remote.forwardedPortsContainer
2024-02-20 06:49:33.072 [info] Added views:workbench.debug.breakPointsView in workbench.view.debug
2024-02-20 06:50:11.861 [info] Removed views:workbench.debug.breakPointsView from workbench.view.debug
